[ 2026-06-10 12:19:53,021 ] 1025 httpx - INFO - HTTP Request: GET https://dagshub.com/api/v1/user "HTTP/1.1 200 OK"
[ 2026-06-10 12:19:53,039 ] 107 dagshub - INFO - Accessing as Pragathithimmaiah
[ 2026-06-10 12:19:53,974 ] 1025 httpx - INFO - HTTP Request: GET https://dagshub.com/api/v1/repos/Pragathithimmaiah/networksecurity "HTTP/1.1 200 OK"
[ 2026-06-10 12:19:54,743 ] 1025 httpx - INFO - HTTP Request: GET https://dagshub.com/api/v1/user "HTTP/1.1 200 OK"
[ 2026-06-10 12:19:54,747 ] 107 dagshub - INFO - Initialized MLflow to track repo "Pragathithimmaiah/networksecurity"
[ 2026-06-10 12:19:54,747 ] 107 dagshub - INFO - Repository Pragathithimmaiah/networksecurity initialized!
[ 2026-06-10 12:19:56,435 ] 20 root - INFO - Initiate the data ingestion
[ 2026-06-10 12:19:56,623 ] 96 pymongo.serverSelection - INFO - {"message": "Waiting for suitable server to become available", "selector": "Primary()", "operation": "find", "topologyDescription": "<TopologyDescription id: 6a2909149ae128603ea7d69c, topology_type: ReplicaSetNoPrimary, servers: [<ServerDescription ('ac-zl6agmd-shard-00-00.ltiglrd.mongodb.net', 27017) server_type: Unknown, rtt: None>, <ServerDescription ('ac-zl6agmd-shard-00-01.ltiglrd.mongodb.net', 27017) server_type: Unknown, rtt: None>, <ServerDescription ('ac-zl6agmd-shard-00-02.ltiglrd.mongodb.net', 27017) server_type: Unknown, rtt: None>]>", "clientId": {"$oid": "6a2909149ae128603ea7d69c"}, "remainingTimeMS": 30}
[ 2026-06-10 12:19:59,114 ] 65 root - INFO - Performed train test split on the dataframe
[ 2026-06-10 12:19:59,114 ] 67 root - INFO - Exited split_data_as_train_test method of Data_Ingestion class
[ 2026-06-10 12:19:59,114 ] 75 root - INFO - Exporting train and test file path.
[ 2026-06-10 12:19:59,171 ] 84 root - INFO - Exported train and test file path.
[ 2026-06-10 12:19:59,171 ] 22 root - INFO - Data Initiation Completed
[ 2026-06-10 12:19:59,178 ] 26 root - INFO - Initiate the data Validation
[ 2026-06-10 12:19:59,259 ] 32 root - INFO - Required number of columns:2
[ 2026-06-10 12:19:59,259 ] 33 root - INFO - Data frame has columns:31
[ 2026-06-10 12:19:59,259 ] 32 root - INFO - Required number of columns:2
[ 2026-06-10 12:19:59,259 ] 33 root - INFO - Data frame has columns:31
[ 2026-06-10 12:19:59,416 ] 28 root - INFO - data Validation Completed
[ 2026-06-10 12:19:59,416 ] 31 root - INFO - data Transformation started
[ 2026-06-10 12:19:59,416 ] 63 root - INFO - Entered initiate_data_transformation method of DataTransformation class
[ 2026-06-10 12:19:59,416 ] 65 root - INFO - Starting data transformation
[ 2026-06-10 12:19:59,441 ] 48 root - INFO - Entered get_data_trnasformer_object method of Trnasformation class
[ 2026-06-10 12:19:59,441 ] 53 root - INFO - Initialise KNNImputer with {'missing_values': nan, 'n_neighbors': 3, 'weights': 'uniform'}
[ 2026-06-10 12:19:59,458 ] 46 root - INFO - Entered the save_object method of MainUtils class
[ 2026-06-10 12:19:59,467 ] 50 root - INFO - Exited the save_object method of MainUtils class
[ 2026-06-10 12:19:59,467 ] 46 root - INFO - Entered the save_object method of MainUtils class
[ 2026-06-10 12:19:59,468 ] 50 root - INFO - Exited the save_object method of MainUtils class
[ 2026-06-10 12:19:59,468 ] 35 root - INFO - data Transformation completed
[ 2026-06-10 12:19:59,468 ] 37 root - INFO - Model Training sstared
[ 2026-06-10 12:23:24,249 ] 94 root - INFO - Best model: Random Forest with score: 0.8852382435378386
[ 2026-06-10 12:23:52,315 ] 46 root - INFO - Entered the save_object method of MainUtils class
[ 2026-06-10 12:23:52,320 ] 50 root - INFO - Exited the save_object method of MainUtils class
[ 2026-06-10 12:23:52,320 ] 46 root - INFO - Entered the save_object method of MainUtils class
[ 2026-06-10 12:23:52,327 ] 50 root - INFO - Exited the save_object method of MainUtils class
[ 2026-06-10 12:23:52,327 ] 121 root - INFO - Model trainer artifact: ModelTrainerArtifact(trained_model_file_path='Artifacts\\06_10_2026_12_19_48\\model_trainer\\trained_model\\model.pkl', train_metric_artifact=ClassificationMetricArtifact(f1_score=0.9911361804995971, precision_score=0.9903381642512077, recall_score=0.9919354838709677), test_metric_artifact=ClassificationMetricArtifact(f1_score=0.9738480697384807, precision_score=0.9678217821782178, recall_score=0.9799498746867168))
[ 2026-06-10 12:23:52,328 ] 42 root - INFO - Model Training artifact created
