[ 2026-06-09 22:34:57,117 ] 20 root - INFO - Initiate the data ingestion
[ 2026-06-09 22:34:57,412 ] 96 pymongo.serverSelection - INFO - {"message": "Waiting for suitable server to become available", "selector": "Primary()", "operation": "find", "topologyDescription": "<TopologyDescription id: 6a2847b9825f88f3b02a7187, topology_type: ReplicaSetNoPrimary, servers: [<ServerDescription ('ac-zl6agmd-shard-00-00.ltiglrd.mongodb.net', 27017) server_type: Unknown, rtt: None>, <ServerDescription ('ac-zl6agmd-shard-00-01.ltiglrd.mongodb.net', 27017) server_type: Unknown, rtt: None>, <ServerDescription ('ac-zl6agmd-shard-00-02.ltiglrd.mongodb.net', 27017) server_type: Unknown, rtt: None>]>", "clientId": {"$oid": "6a2847b9825f88f3b02a7187"}, "remainingTimeMS": 30}
[ 2026-06-09 22:35:00,264 ] 65 root - INFO - Performed train test split on the dataframe
[ 2026-06-09 22:35:00,264 ] 67 root - INFO - Exited split_data_as_train_test method of Data_Ingestion class
[ 2026-06-09 22:35:00,265 ] 75 root - INFO - Exporting train and test file path.
[ 2026-06-09 22:35:00,459 ] 84 root - INFO - Exported train and test file path.
[ 2026-06-09 22:35:00,460 ] 22 root - INFO - Data Initiation Completed
[ 2026-06-09 22:35:00,479 ] 26 root - INFO - Initiate the data Validation
[ 2026-06-09 22:35:00,667 ] 32 root - INFO - Required number of columns:2
[ 2026-06-09 22:35:00,667 ] 33 root - INFO - Data frame has columns:31
[ 2026-06-09 22:35:00,667 ] 32 root - INFO - Required number of columns:2
[ 2026-06-09 22:35:00,667 ] 33 root - INFO - Data frame has columns:31
[ 2026-06-09 22:35:01,198 ] 28 root - INFO - data Validation Completed
[ 2026-06-09 22:35:01,199 ] 31 root - INFO - data Transformation started
[ 2026-06-09 22:35:01,199 ] 63 root - INFO - Entered initiate_data_transformation method of DataTransformation class
[ 2026-06-09 22:35:01,199 ] 65 root - INFO - Starting data transformation
[ 2026-06-09 22:35:01,282 ] 48 root - INFO - Entered get_data_trnasformer_object method of Trnasformation class
[ 2026-06-09 22:35:01,282 ] 53 root - INFO - Initialise KNNImputer with {'missing_values': nan, 'n_neighbors': 3, 'weights': 'uniform'}
[ 2026-06-09 22:35:01,317 ] 46 root - INFO - Entered the save_object method of MainUtils class
[ 2026-06-09 22:35:01,322 ] 50 root - INFO - Exited the save_object method of MainUtils class
[ 2026-06-09 22:35:01,323 ] 46 root - INFO - Entered the save_object method of MainUtils class
[ 2026-06-09 22:35:01,333 ] 50 root - INFO - Exited the save_object method of MainUtils class
[ 2026-06-09 22:35:01,340 ] 35 root - INFO - data Transformation completed
[ 2026-06-09 22:35:01,341 ] 37 root - INFO - Model Training sstared
