[ 2026-06-09 23:45:30,365 ] 20 root - INFO - Initiate the data ingestion
[ 2026-06-09 23:45:30,460 ] 96 pymongo.serverSelection - INFO - {"message": "Waiting for suitable server to become available", "selector": "Primary()", "operation": "find", "topologyDescription": "<TopologyDescription id: 6a285842bc2be34c9f4a3249, topology_type: ReplicaSetNoPrimary, servers: [<ServerDescription ('ac-zl6agmd-shard-00-00.ltiglrd.mongodb.net', 27017) server_type: Unknown, rtt: None>, <ServerDescription ('ac-zl6agmd-shard-00-01.ltiglrd.mongodb.net', 27017) server_type: Unknown, rtt: None>, <ServerDescription ('ac-zl6agmd-shard-00-02.ltiglrd.mongodb.net', 27017) server_type: Unknown, rtt: None>]>", "clientId": {"$oid": "6a285842bc2be34c9f4a3249"}, "remainingTimeMS": 30}
[ 2026-06-09 23:45:36,614 ] 65 root - INFO - Performed train test split on the dataframe
[ 2026-06-09 23:45:36,614 ] 67 root - INFO - Exited split_data_as_train_test method of Data_Ingestion class
[ 2026-06-09 23:45:36,614 ] 75 root - INFO - Exporting train and test file path.
[ 2026-06-09 23:45:36,664 ] 84 root - INFO - Exported train and test file path.
[ 2026-06-09 23:45:36,664 ] 22 root - INFO - Data Initiation Completed
[ 2026-06-09 23:45:36,677 ] 26 root - INFO - Initiate the data Validation
[ 2026-06-09 23:45:36,782 ] 32 root - INFO - Required number of columns:2
[ 2026-06-09 23:45:36,782 ] 33 root - INFO - Data frame has columns:31
[ 2026-06-09 23:45:36,782 ] 32 root - INFO - Required number of columns:2
[ 2026-06-09 23:45:36,782 ] 33 root - INFO - Data frame has columns:31
[ 2026-06-09 23:45:36,958 ] 28 root - INFO - data Validation Completed
[ 2026-06-09 23:45:36,958 ] 31 root - INFO - data Transformation started
[ 2026-06-09 23:45:36,958 ] 63 root - INFO - Entered initiate_data_transformation method of DataTransformation class
[ 2026-06-09 23:45:36,958 ] 65 root - INFO - Starting data transformation
[ 2026-06-09 23:45:36,999 ] 48 root - INFO - Entered get_data_trnasformer_object method of Trnasformation class
[ 2026-06-09 23:45:36,999 ] 53 root - INFO - Initialise KNNImputer with {'missing_values': nan, 'n_neighbors': 3, 'weights': 'uniform'}
[ 2026-06-09 23:45:37,014 ] 46 root - INFO - Entered the save_object method of MainUtils class
[ 2026-06-09 23:45:37,016 ] 50 root - INFO - Exited the save_object method of MainUtils class
[ 2026-06-09 23:45:37,016 ] 46 root - INFO - Entered the save_object method of MainUtils class
[ 2026-06-09 23:45:37,019 ] 50 root - INFO - Exited the save_object method of MainUtils class
[ 2026-06-09 23:45:37,021 ] 35 root - INFO - data Transformation completed
[ 2026-06-09 23:45:37,021 ] 37 root - INFO - Model Training sstared
