[ 2026-06-11 00:47:26,149 ] 1025 httpx - INFO - HTTP Request: GET https://dagshub.com/api/v1/user "HTTP/1.1 200 OK"
[ 2026-06-11 00:47:26,149 ] 107 dagshub - INFO - Accessing as Pragathithimmaiah
[ 2026-06-11 00:47:26,947 ] 1025 httpx - INFO - HTTP Request: GET https://dagshub.com/api/v1/repos/Pragathithimmaiah/networksecurity "HTTP/1.1 200 OK"
[ 2026-06-11 00:47:27,689 ] 1025 httpx - INFO - HTTP Request: GET https://dagshub.com/api/v1/user "HTTP/1.1 200 OK"
[ 2026-06-11 00:47:27,692 ] 107 dagshub - INFO - Initialized MLflow to track repo "Pragathithimmaiah/networksecurity"
[ 2026-06-11 00:47:27,692 ] 107 dagshub - INFO - Repository Pragathithimmaiah/networksecurity initialized!
[ 2026-06-11 00:48:35,296 ] 42 root - INFO - Start data Ingestion
[ 2026-06-11 00:48:35,695 ] 96 pymongo.serverSelection - INFO - {"message": "Waiting for suitable server to become available", "selector": "Primary()", "operation": "find", "topologyDescription": "<TopologyDescription id: 6a29b88b773a4dd0a8995492, topology_type: ReplicaSetNoPrimary, servers: [<ServerDescription ('ac-zl6agmd-shard-00-00.ltiglrd.mongodb.net', 27017) server_type: Unknown, rtt: None>, <ServerDescription ('ac-zl6agmd-shard-00-01.ltiglrd.mongodb.net', 27017) server_type: Unknown, rtt: None>, <ServerDescription ('ac-zl6agmd-shard-00-02.ltiglrd.mongodb.net', 27017) server_type: Unknown, rtt: None>]>", "clientId": {"$oid": "6a29b88b773a4dd0a8995492"}, "remainingTimeMS": 30}
[ 2026-06-11 00:48:38,417 ] 65 root - INFO - Performed train test split on the dataframe
[ 2026-06-11 00:48:38,418 ] 67 root - INFO - Exited split_data_as_train_test method of Data_Ingestion class
[ 2026-06-11 00:48:38,418 ] 75 root - INFO - Exporting train and test file path.
[ 2026-06-11 00:48:38,571 ] 84 root - INFO - Exported train and test file path.
[ 2026-06-11 00:48:38,572 ] 45 root - INFO - Data Ingestion completed and artifact: DataIngestionArtifact(trained_file_path='Artifacts\\06_11_2026_00_47_23\\data_ingestion\\ingested\\train.csv', test_file_path='Artifacts\\06_11_2026_00_47_23\\data_ingestion\\ingested\\test.csv')
[ 2026-06-11 00:48:38,592 ] 55 root - INFO - Initiate the data Validation
[ 2026-06-11 00:48:38,709 ] 32 root - INFO - Required number of columns:2
[ 2026-06-11 00:48:38,709 ] 33 root - INFO - Data frame has columns:31
[ 2026-06-11 00:48:38,709 ] 32 root - INFO - Required number of columns:2
[ 2026-06-11 00:48:38,709 ] 33 root - INFO - Data frame has columns:31
[ 2026-06-11 00:48:39,097 ] 63 root - INFO - Entered initiate_data_transformation method of DataTransformation class
[ 2026-06-11 00:48:39,097 ] 65 root - INFO - Starting data transformation
[ 2026-06-11 00:48:39,159 ] 48 root - INFO - Entered get_data_trnasformer_object method of Trnasformation class
[ 2026-06-11 00:48:39,159 ] 53 root - INFO - Initialise KNNImputer with {'missing_values': nan, 'n_neighbors': 3, 'weights': 'uniform'}
[ 2026-06-11 00:48:39,188 ] 46 root - INFO - Entered the save_object method of MainUtils class
[ 2026-06-11 00:48:39,191 ] 50 root - INFO - Exited the save_object method of MainUtils class
[ 2026-06-11 00:48:39,191 ] 46 root - INFO - Entered the save_object method of MainUtils class
[ 2026-06-11 00:48:39,196 ] 50 root - INFO - Exited the save_object method of MainUtils class
[ 2026-06-11 00:52:10,153 ] 94 root - INFO - Best model: Decision Tree with score: 0.8735398464828661
[ 2026-06-11 00:52:32,697 ] 46 root - INFO - Entered the save_object method of MainUtils class
[ 2026-06-11 00:52:32,697 ] 50 root - INFO - Exited the save_object method of MainUtils class
[ 2026-06-11 00:52:32,697 ] 46 root - INFO - Entered the save_object method of MainUtils class
[ 2026-06-11 00:52:32,697 ] 50 root - INFO - Exited the save_object method of MainUtils class
[ 2026-06-11 00:52:32,697 ] 121 root - INFO - Model trainer artifact: ModelTrainerArtifact(trained_model_file_path='Artifacts\\06_11_2026_00_47_23\\model_trainer\\trained_model\\model.pkl', train_metric_artifact=ClassificationMetricArtifact(f1_score=0.9911684092985483, precision_score=0.991269035532995, recall_score=0.9910678034916768), test_metric_artifact=ClassificationMetricArtifact(f1_score=0.9719626168224299, precision_score=0.9723577235772358, recall_score=0.9715678310316815))
