[ 2026-06-09 23:51:35,734 ] 20 root - INFO - Initiate the data ingestion
[ 2026-06-09 23:51:35,838 ] 96 pymongo.serverSelection - INFO - {"message": "Waiting for suitable server to become available", "selector": "Primary()", "operation": "find", "topologyDescription": "<TopologyDescription id: 6a2859affca4f231c661d862, topology_type: ReplicaSetNoPrimary, servers: [<ServerDescription ('ac-zl6agmd-shard-00-00.ltiglrd.mongodb.net', 27017) server_type: Unknown, rtt: None>, <ServerDescription ('ac-zl6agmd-shard-00-01.ltiglrd.mongodb.net', 27017) server_type: Unknown, rtt: None>, <ServerDescription ('ac-zl6agmd-shard-00-02.ltiglrd.mongodb.net', 27017) server_type: Unknown, rtt: None>]>", "clientId": {"$oid": "6a2859affca4f231c661d862"}, "remainingTimeMS": 30}
[ 2026-06-09 23:51:40,813 ] 65 root - INFO - Performed train test split on the dataframe
[ 2026-06-09 23:51:40,813 ] 67 root - INFO - Exited split_data_as_train_test method of Data_Ingestion class
[ 2026-06-09 23:51:40,813 ] 75 root - INFO - Exporting train and test file path.
[ 2026-06-09 23:51:40,854 ] 84 root - INFO - Exported train and test file path.
[ 2026-06-09 23:51:40,854 ] 22 root - INFO - Data Initiation Completed
[ 2026-06-09 23:51:40,854 ] 26 root - INFO - Initiate the data Validation
[ 2026-06-09 23:51:40,925 ] 32 root - INFO - Required number of columns:2
[ 2026-06-09 23:51:40,925 ] 33 root - INFO - Data frame has columns:31
[ 2026-06-09 23:51:40,925 ] 32 root - INFO - Required number of columns:2
[ 2026-06-09 23:51:40,925 ] 33 root - INFO - Data frame has columns:31
[ 2026-06-09 23:51:41,049 ] 28 root - INFO - data Validation Completed
[ 2026-06-09 23:51:41,049 ] 31 root - INFO - data Transformation started
[ 2026-06-09 23:51:41,049 ] 63 root - INFO - Entered initiate_data_transformation method of DataTransformation class
[ 2026-06-09 23:51:41,049 ] 65 root - INFO - Starting data transformation
[ 2026-06-09 23:51:41,076 ] 48 root - INFO - Entered get_data_trnasformer_object method of Trnasformation class
[ 2026-06-09 23:51:41,076 ] 53 root - INFO - Initialise KNNImputer with {'missing_values': nan, 'n_neighbors': 3, 'weights': 'uniform'}
[ 2026-06-09 23:51:41,087 ] 46 root - INFO - Entered the save_object method of MainUtils class
[ 2026-06-09 23:51:41,094 ] 50 root - INFO - Exited the save_object method of MainUtils class
[ 2026-06-09 23:51:41,094 ] 46 root - INFO - Entered the save_object method of MainUtils class
[ 2026-06-09 23:51:41,096 ] 50 root - INFO - Exited the save_object method of MainUtils class
[ 2026-06-09 23:51:41,097 ] 35 root - INFO - data Transformation completed
[ 2026-06-09 23:51:41,097 ] 37 root - INFO - Model Training sstared
[ 2026-06-09 23:54:08,625 ] 95 root - INFO - Best model: Random Forest with score: 0.8847665847665848
[ 2026-06-09 23:54:21,976 ] 46 root - INFO - Entered the save_object method of MainUtils class
[ 2026-06-09 23:54:21,994 ] 50 root - INFO - Exited the save_object method of MainUtils class
[ 2026-06-09 23:54:21,994 ] 46 root - INFO - Entered the save_object method of MainUtils class
[ 2026-06-09 23:54:22,008 ] 50 root - INFO - Exited the save_object method of MainUtils class
[ 2026-06-09 23:54:22,008 ] 122 root - INFO - Model trainer artifact: ModelTrainerArtifact(trained_model_file_path='Artifacts\\06_09_2026_23_51_33\\model_trainer\\trained_model\\model.pkl', train_metric_artifact=ClassificationMetricArtifact(f1_score=0.9907922695537792, precision_score=0.9896907216494846, recall_score=0.9918962722852512), test_metric_artifact=ClassificationMetricArtifact(f1_score=0.9744006501422187, precision_score=0.9669354838709677, recall_score=0.9819819819819819))
[ 2026-06-09 23:54:22,008 ] 42 root - INFO - Model Training artifact created
