[ 2026-06-10 12:55:47,748 ] 1025 httpx - INFO - HTTP Request: GET https://dagshub.com/api/v1/user "HTTP/1.1 200 OK"
[ 2026-06-10 12:55:47,757 ] 107 dagshub - INFO - Accessing as Pragathithimmaiah
[ 2026-06-10 12:55:48,668 ] 1025 httpx - INFO - HTTP Request: GET https://dagshub.com/api/v1/repos/Pragathithimmaiah/networksecurity "HTTP/1.1 200 OK"
[ 2026-06-10 12:55:49,488 ] 1025 httpx - INFO - HTTP Request: GET https://dagshub.com/api/v1/user "HTTP/1.1 200 OK"
[ 2026-06-10 12:55:49,490 ] 107 dagshub - INFO - Initialized MLflow to track repo "Pragathithimmaiah/networksecurity"
[ 2026-06-10 12:55:49,490 ] 107 dagshub - INFO - Repository Pragathithimmaiah/networksecurity initialized!
[ 2026-06-10 13:00:56,065 ] 42 root - INFO - Start data Ingestion
[ 2026-06-10 13:00:56,659 ] 96 pymongo.serverSelection - INFO - {"message": "Waiting for suitable server to become available", "selector": "Primary()", "operation": "find", "topologyDescription": "<TopologyDescription id: 6a2912b0a0234b99fe604a7f, topology_type: ReplicaSetNoPrimary, servers: [<ServerDescription ('ac-zl6agmd-shard-00-00.ltiglrd.mongodb.net', 27017) server_type: Unknown, rtt: None>, <ServerDescription ('ac-zl6agmd-shard-00-01.ltiglrd.mongodb.net', 27017) server_type: Unknown, rtt: None>, <ServerDescription ('ac-zl6agmd-shard-00-02.ltiglrd.mongodb.net', 27017) server_type: Unknown, rtt: None>]>", "clientId": {"$oid": "6a2912b0a0234b99fe604a7f"}, "remainingTimeMS": 30}
[ 2026-06-10 13:00:58,968 ] 65 root - INFO - Performed train test split on the dataframe
[ 2026-06-10 13:00:58,968 ] 67 root - INFO - Exited split_data_as_train_test method of Data_Ingestion class
[ 2026-06-10 13:00:58,968 ] 75 root - INFO - Exporting train and test file path.
[ 2026-06-10 13:00:59,053 ] 84 root - INFO - Exported train and test file path.
[ 2026-06-10 13:00:59,053 ] 45 root - INFO - Data Ingestion completed and artifact: DataIngestionArtifact(trained_file_path='Artifacts\\06_10_2026_12_55_44\\data_ingestion\\ingested\\train.csv', test_file_path='Artifacts\\06_10_2026_12_55_44\\data_ingestion\\ingested\\test.csv')
[ 2026-06-10 13:00:59,073 ] 55 root - INFO - Initiate the data Validation
[ 2026-06-10 13:00:59,173 ] 32 root - INFO - Required number of columns:2
[ 2026-06-10 13:00:59,173 ] 33 root - INFO - Data frame has columns:31
[ 2026-06-10 13:00:59,173 ] 32 root - INFO - Required number of columns:2
[ 2026-06-10 13:00:59,173 ] 33 root - INFO - Data frame has columns:31
[ 2026-06-10 13:00:59,457 ] 63 root - INFO - Entered initiate_data_transformation method of DataTransformation class
[ 2026-06-10 13:00:59,457 ] 65 root - INFO - Starting data transformation
[ 2026-06-10 13:00:59,501 ] 48 root - INFO - Entered get_data_trnasformer_object method of Trnasformation class
[ 2026-06-10 13:00:59,504 ] 53 root - INFO - Initialise KNNImputer with {'missing_values': nan, 'n_neighbors': 3, 'weights': 'uniform'}
[ 2026-06-10 13:00:59,535 ] 46 root - INFO - Entered the save_object method of MainUtils class
[ 2026-06-10 13:00:59,535 ] 50 root - INFO - Exited the save_object method of MainUtils class
[ 2026-06-10 13:00:59,535 ] 46 root - INFO - Entered the save_object method of MainUtils class
[ 2026-06-10 13:00:59,545 ] 50 root - INFO - Exited the save_object method of MainUtils class
[ 2026-06-10 13:07:22,648 ] 94 root - INFO - Best model: Random Forest with score: 0.8986439180516428
[ 2026-06-10 13:07:58,693 ] 46 root - INFO - Entered the save_object method of MainUtils class
[ 2026-06-10 13:07:58,738 ] 50 root - INFO - Exited the save_object method of MainUtils class
[ 2026-06-10 13:07:58,739 ] 46 root - INFO - Entered the save_object method of MainUtils class
[ 2026-06-10 13:07:58,766 ] 50 root - INFO - Exited the save_object method of MainUtils class
[ 2026-06-10 13:07:58,766 ] 121 root - INFO - Model trainer artifact: ModelTrainerArtifact(trained_model_file_path='Artifacts\\06_10_2026_12_55_44\\model_trainer\\trained_model\\model.pkl', train_metric_artifact=ClassificationMetricArtifact(f1_score=0.991161231331911, precision_score=0.9872495446265938, recall_score=0.9951040391676866), test_metric_artifact=ClassificationMetricArtifact(f1_score=0.9782178217821782, precision_score=0.9724409448818898, recall_score=0.9840637450199203))
[ 2026-06-10 13:11:46,774 ] 42 root - INFO - Start data Ingestion
[ 2026-06-10 13:11:46,919 ] 96 pymongo.serverSelection - INFO - {"message": "Waiting for suitable server to become available", "selector": "Primary()", "operation": "find", "topologyDescription": "<TopologyDescription id: 6a29153aa0234b99fe604a80, topology_type: ReplicaSetNoPrimary, servers: [<ServerDescription ('ac-zl6agmd-shard-00-00.ltiglrd.mongodb.net', 27017) server_type: Unknown, rtt: None>, <ServerDescription ('ac-zl6agmd-shard-00-01.ltiglrd.mongodb.net', 27017) server_type: Unknown, rtt: None>, <ServerDescription ('ac-zl6agmd-shard-00-02.ltiglrd.mongodb.net', 27017) server_type: Unknown, rtt: None>]>", "clientId": {"$oid": "6a29153aa0234b99fe604a80"}, "remainingTimeMS": 30}
[ 2026-06-10 13:11:48,959 ] 65 root - INFO - Performed train test split on the dataframe
[ 2026-06-10 13:11:48,959 ] 67 root - INFO - Exited split_data_as_train_test method of Data_Ingestion class
[ 2026-06-10 13:11:48,959 ] 75 root - INFO - Exporting train and test file path.
[ 2026-06-10 13:11:49,009 ] 84 root - INFO - Exported train and test file path.
[ 2026-06-10 13:11:49,009 ] 45 root - INFO - Data Ingestion completed and artifact: DataIngestionArtifact(trained_file_path='Artifacts\\06_10_2026_12_55_44\\data_ingestion\\ingested\\train.csv', test_file_path='Artifacts\\06_10_2026_12_55_44\\data_ingestion\\ingested\\test.csv')
[ 2026-06-10 13:11:49,019 ] 55 root - INFO - Initiate the data Validation
[ 2026-06-10 13:11:49,104 ] 32 root - INFO - Required number of columns:2
[ 2026-06-10 13:11:49,104 ] 33 root - INFO - Data frame has columns:31
[ 2026-06-10 13:11:49,104 ] 32 root - INFO - Required number of columns:2
[ 2026-06-10 13:11:49,104 ] 33 root - INFO - Data frame has columns:31
[ 2026-06-10 13:11:49,293 ] 63 root - INFO - Entered initiate_data_transformation method of DataTransformation class
[ 2026-06-10 13:11:49,293 ] 65 root - INFO - Starting data transformation
[ 2026-06-10 13:11:49,319 ] 48 root - INFO - Entered get_data_trnasformer_object method of Trnasformation class
[ 2026-06-10 13:11:49,319 ] 53 root - INFO - Initialise KNNImputer with {'missing_values': nan, 'n_neighbors': 3, 'weights': 'uniform'}
[ 2026-06-10 13:11:49,342 ] 46 root - INFO - Entered the save_object method of MainUtils class
[ 2026-06-10 13:11:49,342 ] 50 root - INFO - Exited the save_object method of MainUtils class
[ 2026-06-10 13:11:49,342 ] 46 root - INFO - Entered the save_object method of MainUtils class
[ 2026-06-10 13:11:49,342 ] 50 root - INFO - Exited the save_object method of MainUtils class
[ 2026-06-10 13:15:34,121 ] 94 root - INFO - Best model: Random Forest with score: 0.8943303004184334
[ 2026-06-10 13:16:14,076 ] 46 root - INFO - Entered the save_object method of MainUtils class
[ 2026-06-10 13:16:14,121 ] 50 root - INFO - Exited the save_object method of MainUtils class
[ 2026-06-10 13:16:14,122 ] 46 root - INFO - Entered the save_object method of MainUtils class
[ 2026-06-10 13:16:14,160 ] 50 root - INFO - Exited the save_object method of MainUtils class
[ 2026-06-10 13:16:14,160 ] 121 root - INFO - Model trainer artifact: ModelTrainerArtifact(trained_model_file_path='Artifacts\\06_10_2026_12_55_44\\model_trainer\\trained_model\\model.pkl', train_metric_artifact=ClassificationMetricArtifact(f1_score=0.9909402053553453, precision_score=0.9893467336683417, recall_score=0.9925388183101431), test_metric_artifact=ClassificationMetricArtifact(f1_score=0.9759933774834437, precision_score=0.9679802955665024, recall_score=0.9841402337228714))
