[ 2026-06-10 12:40:01,271 ] 1025 httpx - INFO - HTTP Request: GET https://dagshub.com/api/v1/user "HTTP/1.1 200 OK"
[ 2026-06-10 12:40:01,303 ] 107 dagshub - INFO - Accessing as Pragathithimmaiah
[ 2026-06-10 12:40:02,251 ] 1025 httpx - INFO - HTTP Request: GET https://dagshub.com/api/v1/repos/Pragathithimmaiah/networksecurity "HTTP/1.1 200 OK"
[ 2026-06-10 12:40:03,113 ] 1025 httpx - INFO - HTTP Request: GET https://dagshub.com/api/v1/user "HTTP/1.1 200 OK"
[ 2026-06-10 12:40:03,119 ] 107 dagshub - INFO - Initialized MLflow to track repo "Pragathithimmaiah/networksecurity"
[ 2026-06-10 12:40:03,120 ] 107 dagshub - INFO - Repository Pragathithimmaiah/networksecurity initialized!
[ 2026-06-10 12:40:04,243 ] 20 root - INFO - Initiate the data ingestion
[ 2026-06-10 12:40:04,815 ] 96 pymongo.serverSelection - INFO - {"message": "Waiting for suitable server to become available", "selector": "Primary()", "operation": "find", "topologyDescription": "<TopologyDescription id: 6a290dcc504956d33174382e, topology_type: ReplicaSetNoPrimary, servers: [<ServerDescription ('ac-zl6agmd-shard-00-00.ltiglrd.mongodb.net', 27017) server_type: Unknown, rtt: None>, <ServerDescription ('ac-zl6agmd-shard-00-01.ltiglrd.mongodb.net', 27017) server_type: Unknown, rtt: None>, <ServerDescription ('ac-zl6agmd-shard-00-02.ltiglrd.mongodb.net', 27017) server_type: Unknown, rtt: None>]>", "clientId": {"$oid": "6a290dcc504956d33174382e"}, "remainingTimeMS": 30}
[ 2026-06-10 12:40:07,800 ] 65 root - INFO - Performed train test split on the dataframe
[ 2026-06-10 12:40:07,800 ] 67 root - INFO - Exited split_data_as_train_test method of Data_Ingestion class
[ 2026-06-10 12:40:07,802 ] 75 root - INFO - Exporting train and test file path.
[ 2026-06-10 12:40:08,101 ] 84 root - INFO - Exported train and test file path.
[ 2026-06-10 12:40:08,103 ] 22 root - INFO - Data Initiation Completed
[ 2026-06-10 12:40:08,134 ] 26 root - INFO - Initiate the data Validation
[ 2026-06-10 12:40:08,385 ] 32 root - INFO - Required number of columns:2
[ 2026-06-10 12:40:08,385 ] 33 root - INFO - Data frame has columns:31
[ 2026-06-10 12:40:08,385 ] 32 root - INFO - Required number of columns:2
[ 2026-06-10 12:40:08,385 ] 33 root - INFO - Data frame has columns:31
[ 2026-06-10 12:40:09,049 ] 28 root - INFO - data Validation Completed
[ 2026-06-10 12:40:09,051 ] 31 root - INFO - data Transformation started
[ 2026-06-10 12:40:09,051 ] 63 root - INFO - Entered initiate_data_transformation method of DataTransformation class
[ 2026-06-10 12:40:09,051 ] 65 root - INFO - Starting data transformation
[ 2026-06-10 12:40:09,187 ] 48 root - INFO - Entered get_data_trnasformer_object method of Trnasformation class
[ 2026-06-10 12:40:09,187 ] 53 root - INFO - Initialise KNNImputer with {'missing_values': nan, 'n_neighbors': 3, 'weights': 'uniform'}
[ 2026-06-10 12:40:09,242 ] 46 root - INFO - Entered the save_object method of MainUtils class
[ 2026-06-10 12:40:09,250 ] 50 root - INFO - Exited the save_object method of MainUtils class
[ 2026-06-10 12:40:09,250 ] 46 root - INFO - Entered the save_object method of MainUtils class
[ 2026-06-10 12:40:09,256 ] 50 root - INFO - Exited the save_object method of MainUtils class
[ 2026-06-10 12:40:09,261 ] 35 root - INFO - data Transformation completed
[ 2026-06-10 12:40:09,262 ] 37 root - INFO - Model Training sstared
[ 2026-06-10 12:47:16,393 ] 94 root - INFO - Best model: Random Forest with score: 0.8959314616019818
[ 2026-06-10 12:47:56,879 ] 46 root - INFO - Entered the save_object method of MainUtils class
[ 2026-06-10 12:47:56,931 ] 50 root - INFO - Exited the save_object method of MainUtils class
[ 2026-06-10 12:47:56,931 ] 46 root - INFO - Entered the save_object method of MainUtils class
[ 2026-06-10 12:47:56,982 ] 50 root - INFO - Exited the save_object method of MainUtils class
[ 2026-06-10 12:47:56,982 ] 121 root - INFO - Model trainer artifact: ModelTrainerArtifact(trained_model_file_path='Artifacts\\06_10_2026_12_39_46\\model_trainer\\trained_model\\model.pkl', train_metric_artifact=ClassificationMetricArtifact(f1_score=0.9910237014624307, precision_score=0.9887301267860736, recall_score=0.9933279417711282), test_metric_artifact=ClassificationMetricArtifact(f1_score=0.9768009768009768, precision_score=0.9630818619582665, recall_score=0.990916597853014))
[ 2026-06-10 12:47:56,989 ] 42 root - INFO - Model Training artifact created
