[ 2026-06-09 22:15:09,265 ] 20 root - INFO - Initiate the data ingestion
[ 2026-06-09 22:15:09,425 ] 96 pymongo.serverSelection - INFO - {"message": "Waiting for suitable server to become available", "selector": "Primary()", "operation": "find", "topologyDescription": "<TopologyDescription id: 6a2843154121afc111ff258c, topology_type: ReplicaSetNoPrimary, servers: [<ServerDescription ('ac-zl6agmd-shard-00-00.ltiglrd.mongodb.net', 27017) server_type: Unknown, rtt: None>, <ServerDescription ('ac-zl6agmd-shard-00-01.ltiglrd.mongodb.net', 27017) server_type: Unknown, rtt: None>, <ServerDescription ('ac-zl6agmd-shard-00-02.ltiglrd.mongodb.net', 27017) server_type: Unknown, rtt: None>]>", "clientId": {"$oid": "6a2843154121afc111ff258c"}, "remainingTimeMS": 30}
[ 2026-06-09 22:15:11,682 ] 65 root - INFO - Performed train test split on the dataframe
[ 2026-06-09 22:15:11,682 ] 67 root - INFO - Exited split_data_as_train_test method of Data_Ingestion class
[ 2026-06-09 22:15:11,683 ] 75 root - INFO - Exporting train and test file path.
[ 2026-06-09 22:15:11,742 ] 84 root - INFO - Exported train and test file path.
[ 2026-06-09 22:15:11,743 ] 22 root - INFO - Data Initiation Completed
[ 2026-06-09 22:15:11,750 ] 26 root - INFO - Initiate the data Validation
[ 2026-06-09 22:15:11,847 ] 32 root - INFO - Required number of columns:2
[ 2026-06-09 22:15:11,847 ] 33 root - INFO - Data frame has columns:31
[ 2026-06-09 22:15:11,848 ] 32 root - INFO - Required number of columns:2
[ 2026-06-09 22:15:11,848 ] 33 root - INFO - Data frame has columns:31
[ 2026-06-09 22:15:12,024 ] 28 root - INFO - data Validation Completed
[ 2026-06-09 22:15:12,025 ] 31 root - INFO - data Transformation started
[ 2026-06-09 22:15:12,025 ] 63 root - INFO - Entered initiate_data_transformation method of DataTransformation class
[ 2026-06-09 22:15:12,025 ] 65 root - INFO - Starting data transformation
[ 2026-06-09 22:15:12,063 ] 48 root - INFO - Entered get_data_trnasformer_object method of Trnasformation class
[ 2026-06-09 22:15:12,063 ] 53 root - INFO - Initialise KNNImputer with {'missing_values': nan, 'n_neighbors': 3, 'weights': 'uniform'}
[ 2026-06-09 22:15:12,081 ] 46 root - INFO - Entered the save_object method of MainUtils class
[ 2026-06-09 22:15:12,085 ] 50 root - INFO - Exited the save_object method of MainUtils class
[ 2026-06-09 22:15:12,085 ] 46 root - INFO - Entered the save_object method of MainUtils class
[ 2026-06-09 22:15:12,088 ] 50 root - INFO - Exited the save_object method of MainUtils class
[ 2026-06-09 22:15:12,090 ] 35 root - INFO - data Transformation completed
[ 2026-06-09 22:15:12,090 ] 37 root - INFO - Model Training sstared
