[ 2026-06-11 00:27:59,986 ] 1025 httpx - INFO - HTTP Request: GET https://dagshub.com/api/v1/user "HTTP/1.1 200 OK"
[ 2026-06-11 00:28:00,003 ] 107 dagshub - INFO - Accessing as Pragathithimmaiah
[ 2026-06-11 00:28:00,375 ] 1025 httpx - INFO - HTTP Request: GET https://dagshub.com/api/v1/repos/Pragathithimmaiah/networksecurity "HTTP/1.1 200 OK"
[ 2026-06-11 00:28:01,137 ] 1025 httpx - INFO - HTTP Request: GET https://dagshub.com/api/v1/user "HTTP/1.1 200 OK"
[ 2026-06-11 00:28:01,142 ] 107 dagshub - INFO - Initialized MLflow to track repo "Pragathithimmaiah/networksecurity"
[ 2026-06-11 00:28:01,143 ] 107 dagshub - INFO - Repository Pragathithimmaiah/networksecurity initialized!
[ 2026-06-11 00:40:03,633 ] 42 root - INFO - Start data Ingestion
[ 2026-06-11 00:40:03,979 ] 96 pymongo.serverSelection - INFO - {"message": "Waiting for suitable server to become available", "selector": "Primary()", "operation": "find", "topologyDescription": "<TopologyDescription id: 6a29b68ba9b81e30603a8a50, topology_type: ReplicaSetNoPrimary, servers: [<ServerDescription ('ac-zl6agmd-shard-00-00.ltiglrd.mongodb.net', 27017) server_type: Unknown, rtt: None>, <ServerDescription ('ac-zl6agmd-shard-00-01.ltiglrd.mongodb.net', 27017) server_type: Unknown, rtt: None>, <ServerDescription ('ac-zl6agmd-shard-00-02.ltiglrd.mongodb.net', 27017) server_type: Unknown, rtt: None>]>", "clientId": {"$oid": "6a29b68ba9b81e30603a8a50"}, "remainingTimeMS": 30}
[ 2026-06-11 00:40:06,286 ] 65 root - INFO - Performed train test split on the dataframe
[ 2026-06-11 00:40:06,286 ] 67 root - INFO - Exited split_data_as_train_test method of Data_Ingestion class
[ 2026-06-11 00:40:06,286 ] 75 root - INFO - Exporting train and test file path.
[ 2026-06-11 00:40:06,378 ] 84 root - INFO - Exported train and test file path.
[ 2026-06-11 00:40:06,386 ] 45 root - INFO - Data Ingestion completed and artifact: DataIngestionArtifact(trained_file_path='Artifacts\\06_11_2026_00_27_54\\data_ingestion\\ingested\\train.csv', test_file_path='Artifacts\\06_11_2026_00_27_54\\data_ingestion\\ingested\\test.csv')
[ 2026-06-11 00:40:06,404 ] 55 root - INFO - Initiate the data Validation
[ 2026-06-11 00:40:06,518 ] 32 root - INFO - Required number of columns:2
[ 2026-06-11 00:40:06,518 ] 33 root - INFO - Data frame has columns:31
[ 2026-06-11 00:40:06,518 ] 32 root - INFO - Required number of columns:2
[ 2026-06-11 00:40:06,518 ] 33 root - INFO - Data frame has columns:31
[ 2026-06-11 00:40:06,748 ] 63 root - INFO - Entered initiate_data_transformation method of DataTransformation class
[ 2026-06-11 00:40:06,748 ] 65 root - INFO - Starting data transformation
[ 2026-06-11 00:40:06,790 ] 48 root - INFO - Entered get_data_trnasformer_object method of Trnasformation class
[ 2026-06-11 00:40:06,793 ] 53 root - INFO - Initialise KNNImputer with {'missing_values': nan, 'n_neighbors': 3, 'weights': 'uniform'}
[ 2026-06-11 00:40:06,852 ] 46 root - INFO - Entered the save_object method of MainUtils class
[ 2026-06-11 00:40:06,853 ] 50 root - INFO - Exited the save_object method of MainUtils class
[ 2026-06-11 00:40:06,853 ] 46 root - INFO - Entered the save_object method of MainUtils class
[ 2026-06-11 00:40:06,853 ] 50 root - INFO - Exited the save_object method of MainUtils class
