[ 2026-06-09 23:44:51,380 ] 20 root - INFO - Initiate the data ingestion
[ 2026-06-09 23:44:51,527 ] 96 pymongo.serverSelection - INFO - {"message": "Waiting for suitable server to become available", "selector": "Primary()", "operation": "find", "topologyDescription": "<TopologyDescription id: 6a28581b18107f1d87450434, topology_type: ReplicaSetNoPrimary, servers: [<ServerDescription ('ac-zl6agmd-shard-00-00.ltiglrd.mongodb.net', 27017) server_type: Unknown, rtt: None>, <ServerDescription ('ac-zl6agmd-shard-00-01.ltiglrd.mongodb.net', 27017) server_type: Unknown, rtt: None>, <ServerDescription ('ac-zl6agmd-shard-00-02.ltiglrd.mongodb.net', 27017) server_type: Unknown, rtt: None>]>", "clientId": {"$oid": "6a28581b18107f1d87450434"}, "remainingTimeMS": 30}
[ 2026-06-09 23:44:54,073 ] 65 root - INFO - Performed train test split on the dataframe
[ 2026-06-09 23:44:54,073 ] 67 root - INFO - Exited split_data_as_train_test method of Data_Ingestion class
[ 2026-06-09 23:44:54,073 ] 75 root - INFO - Exporting train and test file path.
[ 2026-06-09 23:44:54,119 ] 84 root - INFO - Exported train and test file path.
[ 2026-06-09 23:44:54,120 ] 22 root - INFO - Data Initiation Completed
[ 2026-06-09 23:44:54,125 ] 26 root - INFO - Initiate the data Validation
[ 2026-06-09 23:44:54,193 ] 32 root - INFO - Required number of columns:2
[ 2026-06-09 23:44:54,193 ] 33 root - INFO - Data frame has columns:31
[ 2026-06-09 23:44:54,193 ] 32 root - INFO - Required number of columns:2
[ 2026-06-09 23:44:54,193 ] 33 root - INFO - Data frame has columns:31
[ 2026-06-09 23:44:54,316 ] 28 root - INFO - data Validation Completed
[ 2026-06-09 23:44:54,316 ] 31 root - INFO - data Transformation started
[ 2026-06-09 23:44:54,316 ] 63 root - INFO - Entered initiate_data_transformation method of DataTransformation class
[ 2026-06-09 23:44:54,316 ] 65 root - INFO - Starting data transformation
[ 2026-06-09 23:44:54,338 ] 48 root - INFO - Entered get_data_trnasformer_object method of Trnasformation class
[ 2026-06-09 23:44:54,338 ] 53 root - INFO - Initialise KNNImputer with {'missing_values': nan, 'n_neighbors': 3, 'weights': 'uniform'}
[ 2026-06-09 23:44:54,349 ] 46 root - INFO - Entered the save_object method of MainUtils class
[ 2026-06-09 23:44:54,352 ] 50 root - INFO - Exited the save_object method of MainUtils class
[ 2026-06-09 23:44:54,352 ] 46 root - INFO - Entered the save_object method of MainUtils class
[ 2026-06-09 23:44:54,355 ] 50 root - INFO - Exited the save_object method of MainUtils class
[ 2026-06-09 23:44:54,356 ] 35 root - INFO - data Transformation completed
[ 2026-06-09 23:44:54,356 ] 37 root - INFO - Model Training sstared
