[ 2026-06-10 00:31:57,543 ] 20 root - INFO - Initiate the data ingestion
[ 2026-06-10 00:31:57,702 ] 96 pymongo.serverSelection - INFO - {"message": "Waiting for suitable server to become available", "selector": "Primary()", "operation": "find", "topologyDescription": "<TopologyDescription id: 6a28632507abc63ebacd1f37, topology_type: ReplicaSetNoPrimary, servers: [<ServerDescription ('ac-zl6agmd-shard-00-00.ltiglrd.mongodb.net', 27017) server_type: Unknown, rtt: None>, <ServerDescription ('ac-zl6agmd-shard-00-01.ltiglrd.mongodb.net', 27017) server_type: Unknown, rtt: None>, <ServerDescription ('ac-zl6agmd-shard-00-02.ltiglrd.mongodb.net', 27017) server_type: Unknown, rtt: None>]>", "clientId": {"$oid": "6a28632507abc63ebacd1f37"}, "remainingTimeMS": 30}
[ 2026-06-10 00:32:00,194 ] 65 root - INFO - Performed train test split on the dataframe
[ 2026-06-10 00:32:00,196 ] 67 root - INFO - Exited split_data_as_train_test method of Data_Ingestion class
[ 2026-06-10 00:32:00,196 ] 75 root - INFO - Exporting train and test file path.
[ 2026-06-10 00:32:00,268 ] 84 root - INFO - Exported train and test file path.
[ 2026-06-10 00:32:00,268 ] 22 root - INFO - Data Initiation Completed
[ 2026-06-10 00:32:00,280 ] 26 root - INFO - Initiate the data Validation
[ 2026-06-10 00:32:00,526 ] 32 root - INFO - Required number of columns:2
[ 2026-06-10 00:32:00,526 ] 33 root - INFO - Data frame has columns:31
[ 2026-06-10 00:32:00,526 ] 32 root - INFO - Required number of columns:2
[ 2026-06-10 00:32:00,526 ] 33 root - INFO - Data frame has columns:31
[ 2026-06-10 00:32:00,716 ] 28 root - INFO - data Validation Completed
[ 2026-06-10 00:32:00,716 ] 31 root - INFO - data Transformation started
[ 2026-06-10 00:32:00,716 ] 63 root - INFO - Entered initiate_data_transformation method of DataTransformation class
[ 2026-06-10 00:32:00,716 ] 65 root - INFO - Starting data transformation
[ 2026-06-10 00:32:00,763 ] 48 root - INFO - Entered get_data_trnasformer_object method of Trnasformation class
[ 2026-06-10 00:32:00,764 ] 53 root - INFO - Initialise KNNImputer with {'missing_values': nan, 'n_neighbors': 3, 'weights': 'uniform'}
[ 2026-06-10 00:32:00,779 ] 46 root - INFO - Entered the save_object method of MainUtils class
[ 2026-06-10 00:32:00,782 ] 50 root - INFO - Exited the save_object method of MainUtils class
[ 2026-06-10 00:32:00,782 ] 46 root - INFO - Entered the save_object method of MainUtils class
[ 2026-06-10 00:32:00,787 ] 50 root - INFO - Exited the save_object method of MainUtils class
[ 2026-06-10 00:32:00,787 ] 35 root - INFO - data Transformation completed
[ 2026-06-10 00:32:00,787 ] 37 root - INFO - Model Training sstared
[ 2026-06-10 00:35:54,741 ] 95 root - INFO - Best model: Random Forest with score: 0.8940684336521353
[ 2026-06-10 00:36:09,842 ] 46 root - INFO - Entered the save_object method of MainUtils class
[ 2026-06-10 00:36:09,883 ] 50 root - INFO - Exited the save_object method of MainUtils class
[ 2026-06-10 00:36:09,883 ] 46 root - INFO - Entered the save_object method of MainUtils class
[ 2026-06-10 00:36:09,924 ] 50 root - INFO - Exited the save_object method of MainUtils class
[ 2026-06-10 00:36:09,924 ] 122 root - INFO - Model trainer artifact: ModelTrainerArtifact(trained_model_file_path='Artifacts\\06_10_2026_00_31_53\\model_trainer\\trained_model\\model.pkl', train_metric_artifact=ClassificationMetricArtifact(f1_score=0.9911236635061529, precision_score=0.9885311871227365, recall_score=0.9937297734627831), test_metric_artifact=ClassificationMetricArtifact(f1_score=0.9762100082034455, precision_score=0.9714285714285714, recall_score=0.9810387469084914))
[ 2026-06-10 00:36:09,924 ] 42 root - INFO - Model Training artifact created
