[ 2026-06-10 01:12:28,765 ] 20 root - INFO - Initiate the data ingestion
[ 2026-06-10 01:12:28,889 ] 96 pymongo.serverSelection - INFO - {"message": "Waiting for suitable server to become available", "selector": "Primary()", "operation": "find", "topologyDescription": "<TopologyDescription id: 6a286ca4c47920a26777b2ec, topology_type: ReplicaSetNoPrimary, servers: [<ServerDescription ('ac-zl6agmd-shard-00-00.ltiglrd.mongodb.net', 27017) server_type: Unknown, rtt: None>, <ServerDescription ('ac-zl6agmd-shard-00-01.ltiglrd.mongodb.net', 27017) server_type: Unknown, rtt: None>, <ServerDescription ('ac-zl6agmd-shard-00-02.ltiglrd.mongodb.net', 27017) server_type: Unknown, rtt: None>]>", "clientId": {"$oid": "6a286ca4c47920a26777b2ec"}, "remainingTimeMS": 30}
[ 2026-06-10 01:12:31,285 ] 65 root - INFO - Performed train test split on the dataframe
[ 2026-06-10 01:12:31,285 ] 67 root - INFO - Exited split_data_as_train_test method of Data_Ingestion class
[ 2026-06-10 01:12:31,285 ] 75 root - INFO - Exporting train and test file path.
[ 2026-06-10 01:12:31,335 ] 84 root - INFO - Exported train and test file path.
[ 2026-06-10 01:12:31,335 ] 22 root - INFO - Data Initiation Completed
[ 2026-06-10 01:12:31,341 ] 26 root - INFO - Initiate the data Validation
[ 2026-06-10 01:12:31,401 ] 32 root - INFO - Required number of columns:2
[ 2026-06-10 01:12:31,401 ] 33 root - INFO - Data frame has columns:31
[ 2026-06-10 01:12:31,401 ] 32 root - INFO - Required number of columns:2
[ 2026-06-10 01:12:31,401 ] 33 root - INFO - Data frame has columns:31
[ 2026-06-10 01:12:31,508 ] 28 root - INFO - data Validation Completed
[ 2026-06-10 01:12:31,508 ] 31 root - INFO - data Transformation started
[ 2026-06-10 01:12:31,508 ] 63 root - INFO - Entered initiate_data_transformation method of DataTransformation class
[ 2026-06-10 01:12:31,508 ] 65 root - INFO - Starting data transformation
[ 2026-06-10 01:12:31,537 ] 48 root - INFO - Entered get_data_trnasformer_object method of Trnasformation class
[ 2026-06-10 01:12:31,537 ] 53 root - INFO - Initialise KNNImputer with {'missing_values': nan, 'n_neighbors': 3, 'weights': 'uniform'}
[ 2026-06-10 01:12:31,548 ] 46 root - INFO - Entered the save_object method of MainUtils class
[ 2026-06-10 01:12:31,548 ] 50 root - INFO - Exited the save_object method of MainUtils class
[ 2026-06-10 01:12:31,548 ] 46 root - INFO - Entered the save_object method of MainUtils class
[ 2026-06-10 01:12:31,548 ] 50 root - INFO - Exited the save_object method of MainUtils class
[ 2026-06-10 01:12:31,548 ] 35 root - INFO - data Transformation completed
[ 2026-06-10 01:12:31,548 ] 37 root - INFO - Model Training sstared
[ 2026-06-10 01:14:52,257 ] 95 root - INFO - Best model: Random Forest with score: 0.8829818201063802
[ 2026-06-10 01:14:59,878 ] 46 root - INFO - Entered the save_object method of MainUtils class
[ 2026-06-10 01:14:59,901 ] 50 root - INFO - Exited the save_object method of MainUtils class
[ 2026-06-10 01:14:59,901 ] 46 root - INFO - Entered the save_object method of MainUtils class
[ 2026-06-10 01:14:59,917 ] 50 root - INFO - Exited the save_object method of MainUtils class
[ 2026-06-10 01:14:59,917 ] 122 root - INFO - Model trainer artifact: ModelTrainerArtifact(trained_model_file_path='Artifacts\\06_10_2026_01_12_26\\model_trainer\\trained_model\\model.pkl', train_metric_artifact=ClassificationMetricArtifact(f1_score=0.9909182643794148, precision_score=0.9875301689460981, recall_score=0.9943296881328473), test_metric_artifact=ClassificationMetricArtifact(f1_score=0.974089068825911, precision_score=0.9616306954436451, recall_score=0.9868744872846595))
[ 2026-06-10 01:14:59,919 ] 42 root - INFO - Model Training artifact created
