[ 2026-06-10 00:07:44,023 ] 20 root - INFO - Initiate the data ingestion
[ 2026-06-10 00:07:44,208 ] 96 pymongo.serverSelection - INFO - {"message": "Waiting for suitable server to become available", "selector": "Primary()", "operation": "find", "topologyDescription": "<TopologyDescription id: 6a285d78b327f0dddc557a11, topology_type: ReplicaSetNoPrimary, servers: [<ServerDescription ('ac-zl6agmd-shard-00-00.ltiglrd.mongodb.net', 27017) server_type: Unknown, rtt: None>, <ServerDescription ('ac-zl6agmd-shard-00-01.ltiglrd.mongodb.net', 27017) server_type: Unknown, rtt: None>, <ServerDescription ('ac-zl6agmd-shard-00-02.ltiglrd.mongodb.net', 27017) server_type: Unknown, rtt: None>]>", "clientId": {"$oid": "6a285d78b327f0dddc557a11"}, "remainingTimeMS": 30}
[ 2026-06-10 00:07:46,222 ] 65 root - INFO - Performed train test split on the dataframe
[ 2026-06-10 00:07:46,222 ] 67 root - INFO - Exited split_data_as_train_test method of Data_Ingestion class
[ 2026-06-10 00:07:46,222 ] 75 root - INFO - Exporting train and test file path.
[ 2026-06-10 00:07:46,273 ] 84 root - INFO - Exported train and test file path.
[ 2026-06-10 00:07:46,273 ] 22 root - INFO - Data Initiation Completed
[ 2026-06-10 00:07:46,284 ] 26 root - INFO - Initiate the data Validation
[ 2026-06-10 00:07:46,405 ] 32 root - INFO - Required number of columns:2
[ 2026-06-10 00:07:46,405 ] 33 root - INFO - Data frame has columns:31
[ 2026-06-10 00:07:46,405 ] 32 root - INFO - Required number of columns:2
[ 2026-06-10 00:07:46,405 ] 33 root - INFO - Data frame has columns:31
[ 2026-06-10 00:07:46,611 ] 28 root - INFO - data Validation Completed
[ 2026-06-10 00:07:46,611 ] 31 root - INFO - data Transformation started
[ 2026-06-10 00:07:46,611 ] 63 root - INFO - Entered initiate_data_transformation method of DataTransformation class
[ 2026-06-10 00:07:46,611 ] 65 root - INFO - Starting data transformation
[ 2026-06-10 00:07:46,640 ] 48 root - INFO - Entered get_data_trnasformer_object method of Trnasformation class
[ 2026-06-10 00:07:46,640 ] 53 root - INFO - Initialise KNNImputer with {'missing_values': nan, 'n_neighbors': 3, 'weights': 'uniform'}
[ 2026-06-10 00:07:46,658 ] 46 root - INFO - Entered the save_object method of MainUtils class
[ 2026-06-10 00:07:46,658 ] 50 root - INFO - Exited the save_object method of MainUtils class
[ 2026-06-10 00:07:46,665 ] 46 root - INFO - Entered the save_object method of MainUtils class
[ 2026-06-10 00:07:46,667 ] 50 root - INFO - Exited the save_object method of MainUtils class
[ 2026-06-10 00:07:46,667 ] 35 root - INFO - data Transformation completed
[ 2026-06-10 00:07:46,667 ] 37 root - INFO - Model Training sstared
[ 2026-06-10 00:13:54,796 ] 95 root - INFO - Best model: Random Forest with score: 0.8902328229178905
[ 2026-06-10 00:14:11,634 ] 46 root - INFO - Entered the save_object method of MainUtils class
[ 2026-06-10 00:14:11,683 ] 50 root - INFO - Exited the save_object method of MainUtils class
[ 2026-06-10 00:14:11,683 ] 46 root - INFO - Entered the save_object method of MainUtils class
[ 2026-06-10 00:14:11,710 ] 50 root - INFO - Exited the save_object method of MainUtils class
[ 2026-06-10 00:14:11,710 ] 122 root - INFO - Model trainer artifact: ModelTrainerArtifact(trained_model_file_path='Artifacts\\06_10_2026_00_07_40\\model_trainer\\trained_model\\model.pkl', train_metric_artifact=ClassificationMetricArtifact(f1_score=0.9914150085849914, precision_score=0.9883205799436166, recall_score=0.9945288753799392), test_metric_artifact=ClassificationMetricArtifact(f1_score=0.9756493506493507, precision_score=0.9677938808373591, recall_score=0.983633387888707))
[ 2026-06-10 00:14:11,710 ] 42 root - INFO - Model Training artifact created
