[ 2026-06-09 23:34:48,002 ] 20 root - INFO - Initiate the data ingestion
[ 2026-06-09 23:34:48,222 ] 96 pymongo.serverSelection - INFO - {"message": "Waiting for suitable server to become available", "selector": "Primary()", "operation": "find", "topologyDescription": "<TopologyDescription id: 6a2855c0ca1eb18ff521ca52, topology_type: ReplicaSetNoPrimary, servers: [<ServerDescription ('ac-zl6agmd-shard-00-00.ltiglrd.mongodb.net', 27017) server_type: Unknown, rtt: None>, <ServerDescription ('ac-zl6agmd-shard-00-01.ltiglrd.mongodb.net', 27017) server_type: Unknown, rtt: None>, <ServerDescription ('ac-zl6agmd-shard-00-02.ltiglrd.mongodb.net', 27017) server_type: Unknown, rtt: None>]>", "clientId": {"$oid": "6a2855c0ca1eb18ff521ca52"}, "remainingTimeMS": 30}
[ 2026-06-09 23:34:50,807 ] 65 root - INFO - Performed train test split on the dataframe
[ 2026-06-09 23:34:50,807 ] 67 root - INFO - Exited split_data_as_train_test method of Data_Ingestion class
[ 2026-06-09 23:34:50,807 ] 75 root - INFO - Exporting train and test file path.
[ 2026-06-09 23:34:50,871 ] 84 root - INFO - Exported train and test file path.
[ 2026-06-09 23:34:50,871 ] 22 root - INFO - Data Initiation Completed
[ 2026-06-09 23:34:50,880 ] 26 root - INFO - Initiate the data Validation
[ 2026-06-09 23:34:51,019 ] 32 root - INFO - Required number of columns:2
[ 2026-06-09 23:34:51,020 ] 33 root - INFO - Data frame has columns:31
[ 2026-06-09 23:34:51,020 ] 32 root - INFO - Required number of columns:2
[ 2026-06-09 23:34:51,020 ] 33 root - INFO - Data frame has columns:31
[ 2026-06-09 23:34:51,275 ] 28 root - INFO - data Validation Completed
[ 2026-06-09 23:34:51,275 ] 31 root - INFO - data Transformation started
[ 2026-06-09 23:34:51,275 ] 63 root - INFO - Entered initiate_data_transformation method of DataTransformation class
[ 2026-06-09 23:34:51,275 ] 65 root - INFO - Starting data transformation
[ 2026-06-09 23:34:51,321 ] 48 root - INFO - Entered get_data_trnasformer_object method of Trnasformation class
[ 2026-06-09 23:34:51,321 ] 53 root - INFO - Initialise KNNImputer with {'missing_values': nan, 'n_neighbors': 3, 'weights': 'uniform'}
[ 2026-06-09 23:34:51,342 ] 46 root - INFO - Entered the save_object method of MainUtils class
[ 2026-06-09 23:34:51,346 ] 50 root - INFO - Exited the save_object method of MainUtils class
[ 2026-06-09 23:34:51,346 ] 46 root - INFO - Entered the save_object method of MainUtils class
[ 2026-06-09 23:34:51,350 ] 50 root - INFO - Exited the save_object method of MainUtils class
[ 2026-06-09 23:34:51,351 ] 35 root - INFO - data Transformation completed
[ 2026-06-09 23:34:51,352 ] 37 root - INFO - Model Training sstared
